<?xml version="1.0" encoding="UTF-8"?>
<!-- Generated by org.testng.reporters.JUnitReportReporter -->
<testsuite hostname="LAPTOP-N0TAQN7C" failures="0" tests="1" name="sauce.scenario1testscripts.VerifySuccessMessage" time="2.581" errors="0" timestamp="2024-01-12T00:42:17 GMT-05:00" skipped="0">
  <testcase classname="sauce.scenario1testscripts.VerifySuccessMessage" name="VerifyMsg" time="2.581"/>
</testsuite> <!-- sauce.scenario1testscripts.VerifySuccessMessage -->
