<?xml version="1.0" encoding="UTF-8"?>
<!-- Generated by org.testng.reporters.JUnitReportReporter -->
<testsuite hostname="LAPTOP-N0TAQN7C" failures="0" tests="1" name="sauce.scenarios.testscripts.VerifyErrorMessageTestScenario3" time="0.885" errors="0" timestamp="2024-01-16T23:53:03 GMT-05:00" skipped="0">
  <testcase classname="sauce.scenarios.testscripts.VerifyErrorMessageTestScenario3" name="verifyErrMsg" time="0.885"/>
</testsuite> <!-- sauce.scenarios.testscripts.VerifyErrorMessageTestScenario3 -->
