<?xml version="1.0" encoding="UTF-8"?>
<!-- Generated by org.testng.reporters.JUnitReportReporter -->
<testsuite hostname="LAPTOP-N0TAQN7C" failures="0" tests="1" name="sauce.scenarios.testscripts.VerifyScenario3ErrorMessageTest" time="1.028" errors="0" timestamp="2024-01-22T16:04:01 EST" skipped="0">
  <testcase classname="sauce.scenarios.testscripts.VerifyScenario3ErrorMessageTest" name="verifyErrMsg" time="1.028"/>
</testsuite> <!-- sauce.scenarios.testscripts.VerifyScenario3ErrorMessageTest -->
