<?xml version="1.0" encoding="UTF-8"?>
<!-- Generated by org.testng.reporters.JUnitReportReporter -->
<testsuite hostname="LAPTOP-N0TAQN7C" failures="0" tests="1" name="sauce.scenario3.testscripts.VerifyErrorMessage" time="1.504" errors="0" timestamp="2024-01-13T17:05:17 GMT-05:00" skipped="0">
  <testcase classname="sauce.scenario3.testscripts.VerifyErrorMessage" name="verifyErrMsg" time="1.504"/>
</testsuite> <!-- sauce.scenario3.testscripts.VerifyErrorMessage -->
