<?xml version="1.0" encoding="UTF-8"?>
<!-- Generated by org.testng.reporters.JUnitReportReporter -->
<testsuite hostname="LAPTOP-N0TAQN7C" failures="0" tests="1" name="testScripts.VerifySuccessMessage" time="0.230" errors="0" timestamp="2024-01-05T16:35:52 GMT-05:00" skipped="0">
  <testcase classname="testScripts.VerifySuccessMessage" name="enterUserName" time="0.230"/>
</testsuite> <!-- testScripts.VerifySuccessMessage -->
