<?xml version="1.0" encoding="UTF-8"?>
<!-- Generated by org.testng.reporters.JUnitReportReporter -->
<testsuite hostname="LAPTOP-N0TAQN7C" failures="0" tests="1" name="sauce.scenarios.testscripts.VerifySuccessMessageTestScenario1" time="0.935" errors="0" timestamp="2024-01-16T23:52:36 GMT-05:00" skipped="0">
  <testcase classname="sauce.scenarios.testscripts.VerifySuccessMessageTestScenario1" name="VerifyMsg" time="0.935"/>
</testsuite> <!-- sauce.scenarios.testscripts.VerifySuccessMessageTestScenario1 -->
