<?xml version="1.0" encoding="UTF-8"?>
<!-- Generated by org.testng.reporters.JUnitReportReporter -->
<testsuite hostname="LAPTOP-N0TAQN7C" failures="0" tests="1" name="Scenario1testscripts.VerifyErrorMessage" time="0.599" errors="0" timestamp="2024-01-10T11:25:42 GMT-05:00" skipped="0">
  <testcase classname="Scenario1testscripts.VerifyErrorMessage" name="verifyErrMsg" time="0.599"/>
</testsuite> <!-- Scenario1testscripts.VerifyErrorMessage -->
