<?xml version="1.0" encoding="UTF-8"?>
<!-- Generated by org.testng.reporters.JUnitReportReporter -->
<testsuite hostname="LAPTOP-N0TAQN7C" failures="0" tests="1" name="sauce.scenarios.testscripts.VerifyScenario1SuccessMessageTest" time="1.201" errors="0" timestamp="2024-01-22T19:27:29 GMT-05:00" skipped="0">
  <testcase classname="sauce.scenarios.testscripts.VerifyScenario1SuccessMessageTest" name="VerifyMsg" time="1.201"/>
</testsuite> <!-- sauce.scenarios.testscripts.VerifyScenario1SuccessMessageTest -->
