<?xml version="1.0" encoding="UTF-8"?>
<!-- Generated by org.testng.reporters.JUnitReportReporter -->
<testsuite hostname="LAPTOP-N0TAQN7C" failures="0" tests="1" name="sauce.scenario4.testscripts.Verifications" time="1.997" errors="0" timestamp="2024-01-13T17:03:47 GMT-05:00" skipped="0">
  <testcase classname="sauce.scenario4.testscripts.Verifications" name="VerifySuccessMessage" time="1.997"/>
</testsuite> <!-- sauce.scenario4.testscripts.Verifications -->
