<?xml version="1.0" encoding="UTF-8"?>
<!-- Generated by org.testng.reporters.JUnitReportReporter -->
<testsuite hostname="LAPTOP-N0TAQN7C" failures="0" tests="3" name="sauce.scenarios.testscripts.VerificationScenario5Test" time="1.597" errors="0" timestamp="2024-01-22T16:04:01 EST" skipped="0">
  <testcase classname="sauce.scenarios.testscripts.VerificationScenario5Test" name="verifyText" time="0.764"/>
  <testcase classname="sauce.scenarios.testscripts.VerificationScenario5Test" name="verifyNumberOfItems" time="0.395"/>
  <testcase classname="sauce.scenarios.testscripts.VerificationScenario5Test" name="verifySuccessMsg" time="0.438"/>
</testsuite> <!-- sauce.scenarios.testscripts.VerificationScenario5Test -->
