<?xml version="1.0" encoding="UTF-8"?>
<!-- Generated by org.testng.reporters.JUnitReportReporter -->
<testsuite hostname="LAPTOP-N0TAQN7C" failures="0" tests="3" name="sauce.scenarios.testscripts.VerifyScenario5SuccessMessageTest" time="1.426" errors="0" timestamp="2024-01-18T22:15:06 GMT-05:00" skipped="0">
  <testcase classname="sauce.scenarios.testscripts.VerifyScenario5SuccessMessageTest" name="verifyText" time="0.640"/>
  <testcase classname="sauce.scenarios.testscripts.VerifyScenario5SuccessMessageTest" name="verifyNumberOfItems" time="0.370"/>
  <testcase classname="sauce.scenarios.testscripts.VerifyScenario5SuccessMessageTest" name="verifySuccessMsg" time="0.416"/>
</testsuite> <!-- sauce.scenarios.testscripts.VerifyScenario5SuccessMessageTest -->
