<?xml version="1.0" encoding="UTF-8"?>
<!-- Generated by org.testng.reporters.JUnitReportReporter -->
<testsuite hostname="LAPTOP-N0TAQN7C" failures="0" tests="1" name="sauce.scenarios.testscripts.VerificationScenario4Test" time="2.492" errors="0" timestamp="2024-01-23T20:50:04 GMT-05:00" skipped="0">
  <testcase classname="sauce.scenarios.testscripts.VerificationScenario4Test" name="VerifySuccessMessage" time="2.492"/>
</testsuite> <!-- sauce.scenarios.testscripts.VerificationScenario4Test -->
