<?xml version="1.0" encoding="UTF-8"?>
<!-- Generated by org.testng.reporters.JUnitReportReporter -->
<testsuite hostname="LAPTOP-N0TAQN7C" failures="0" tests="1" name="sauce.scenario4.testscripts.VerifySuccessMessage" time="2.040" errors="0" timestamp="2024-01-11T18:41:36 GMT-05:00" skipped="0">
  <testcase classname="sauce.scenario4.testscripts.VerifySuccessMessage" name="VerifySuccessMsg" time="2.040"/>
</testsuite> <!-- sauce.scenario4.testscripts.VerifySuccessMessage -->
