<?xml version="1.0" encoding="UTF-8"?>
<!-- Generated by org.testng.reporters.JUnitReportReporter -->
<testsuite hostname="LAPTOP-N0TAQN7C" failures="0" tests="1" name="sauce.scenario5.testscripts.Verifications" time="2.569" errors="0" timestamp="2024-01-15T19:30:30 GMT-05:00" skipped="0">
  <testcase classname="sauce.scenario5.testscripts.Verifications" name="verifySuccessMsg" time="2.569"/>
</testsuite> <!-- sauce.scenario5.testscripts.Verifications -->
