<?xml version="1.0" encoding="UTF-8"?>
<!-- Generated by org.testng.reporters.JUnitReportReporter -->
<testsuite hostname="LAPTOP-N0TAQN7C" failures="0" tests="1" name="sauce.testscripts.VerifySuccessMessage" time="2.467" errors="0" timestamp="2024-01-09T17:52:04 GMT-05:00" skipped="0">
  <testcase classname="sauce.testscripts.VerifySuccessMessage" name="VerifyMsg" time="2.467"/>
</testsuite> <!-- sauce.testscripts.VerifySuccessMessage -->
